2019-06-10 15:08:04,596 ERROR: Exception on /edit [POST] [in d:\seriousblog\seriousblog\env\lib\site-packages\flask\app.py:1780]
Traceback (most recent call last):
  File "d:\seriousblog\seriousblog\env\lib\site-packages\sqlalchemy\engine\base.py", line 1244, in _execute_context
    cursor, statement, parameters, context
  File "d:\seriousblog\seriousblog\env\lib\site-packages\sqlalchemy\engine\default.py", line 550, in do_execute
    cursor.execute(statement, parameters)
sqlite3.IntegrityError: UNIQUE constraint failed: user.username

The above exception was the direct cause of the following exception:

Traceback (most recent call last):
  File "d:\seriousblog\seriousblog\env\lib\site-packages\flask\app.py", line 2311, in wsgi_app
    response = self.full_dispatch_request()
  File "d:\seriousblog\seriousblog\env\lib\site-packages\flask\app.py", line 1834, in full_dispatch_request
    rv = self.handle_user_exception(e)
  File "d:\seriousblog\seriousblog\env\lib\site-packages\flask\app.py", line 1737, in handle_user_exception
    reraise(exc_type, exc_value, tb)
  File "d:\seriousblog\seriousblog\env\lib\site-packages\flask\_compat.py", line 36, in reraise
    raise value
  File "d:\seriousblog\seriousblog\env\lib\site-packages\flask\app.py", line 1832, in full_dispatch_request
    rv = self.dispatch_request()
  File "d:\seriousblog\seriousblog\env\lib\site-packages\flask\app.py", line 1818, in dispatch_request
    return self.view_functions[rule.endpoint](**req.view_args)
  File "D:\SeriousBlog\SeriousBlog\app\routes.py", line 152, in edit
    db.session.commit()
  File "d:\seriousblog\seriousblog\env\lib\site-packages\sqlalchemy\orm\scoping.py", line 162, in do
    return getattr(self.registry(), name)(*args, **kwargs)
  File "d:\seriousblog\seriousblog\env\lib\site-packages\sqlalchemy\orm\session.py", line 1026, in commit
    self.transaction.commit()
  File "d:\seriousblog\seriousblog\env\lib\site-packages\sqlalchemy\orm\session.py", line 493, in commit
    self._prepare_impl()
  File "d:\seriousblog\seriousblog\env\lib\site-packages\sqlalchemy\orm\session.py", line 472, in _prepare_impl
    self.session.flush()
  File "d:\seriousblog\seriousblog\env\lib\site-packages\sqlalchemy\orm\session.py", line 2458, in flush
    self._flush(objects)
  File "d:\seriousblog\seriousblog\env\lib\site-packages\sqlalchemy\orm\session.py", line 2596, in _flush
    transaction.rollback(_capture_exception=True)
  File "d:\seriousblog\seriousblog\env\lib\site-packages\sqlalchemy\util\langhelpers.py", line 68, in __exit__
    compat.reraise(exc_type, exc_value, exc_tb)
  File "d:\seriousblog\seriousblog\env\lib\site-packages\sqlalchemy\util\compat.py", line 129, in reraise
    raise value
  File "d:\seriousblog\seriousblog\env\lib\site-packages\sqlalchemy\orm\session.py", line 2556, in _flush
    flush_context.execute()
  File "d:\seriousblog\seriousblog\env\lib\site-packages\sqlalchemy\orm\unitofwork.py", line 422, in execute
    rec.execute(self)
  File "d:\seriousblog\seriousblog\env\lib\site-packages\sqlalchemy\orm\unitofwork.py", line 589, in execute
    uow,
  File "d:\seriousblog\seriousblog\env\lib\site-packages\sqlalchemy\orm\persistence.py", line 236, in save_obj
    update,
  File "d:\seriousblog\seriousblog\env\lib\site-packages\sqlalchemy\orm\persistence.py", line 978, in _emit_update_statements
    statement, multiparams
  File "d:\seriousblog\seriousblog\env\lib\site-packages\sqlalchemy\engine\base.py", line 988, in execute
    return meth(self, multiparams, params)
  File "d:\seriousblog\seriousblog\env\lib\site-packages\sqlalchemy\sql\elements.py", line 287, in _execute_on_connection
    return connection._execute_clauseelement(self, multiparams, params)
  File "d:\seriousblog\seriousblog\env\lib\site-packages\sqlalchemy\engine\base.py", line 1107, in _execute_clauseelement
    distilled_params,
  File "d:\seriousblog\seriousblog\env\lib\site-packages\sqlalchemy\engine\base.py", line 1248, in _execute_context
    e, statement, parameters, cursor, context
  File "d:\seriousblog\seriousblog\env\lib\site-packages\sqlalchemy\engine\base.py", line 1466, in _handle_dbapi_exception
    util.raise_from_cause(sqlalchemy_exception, exc_info)
  File "d:\seriousblog\seriousblog\env\lib\site-packages\sqlalchemy\util\compat.py", line 383, in raise_from_cause
    reraise(type(exception), exception, tb=exc_tb, cause=cause)
  File "d:\seriousblog\seriousblog\env\lib\site-packages\sqlalchemy\util\compat.py", line 128, in reraise
    raise value.with_traceback(tb)
  File "d:\seriousblog\seriousblog\env\lib\site-packages\sqlalchemy\engine\base.py", line 1244, in _execute_context
    cursor, statement, parameters, context
  File "d:\seriousblog\seriousblog\env\lib\site-packages\sqlalchemy\engine\default.py", line 550, in do_execute
    cursor.execute(statement, parameters)
sqlalchemy.exc.IntegrityError: (sqlite3.IntegrityError) UNIQUE constraint failed: user.username
[SQL: UPDATE user SET username=?, about_me=? WHERE user.id = ?]
[parameters: ('Роберт Дауни младший', 'Где-то я его уже видел...', 1)]
(Background on this error at: http://sqlalche.me/e/gkpj)
2019-06-15 20:18:33,770 INFO: SeriousBlog started [in E:\MyFolder\MyProjects\SeriousBlog\app\__init__.py:51]
2019-06-15 20:46:39,756 INFO: SeriousBlog started [in E:\MyFolder\MyProjects\SeriousBlog\app\__init__.py:51]
2019-06-15 20:46:47,420 INFO: SeriousBlog started [in E:\MyFolder\MyProjects\SeriousBlog\app\__init__.py:51]
2019-06-16 21:52:30,733 INFO: SeriousBlog started [in E:\MyFolder\MyProjects\SeriousBlog\app\__init__.py:51]
2019-06-16 22:15:01,791 INFO: SeriousBlog started [in E:\MyFolder\MyProjects\SeriousBlog\app\__init__.py:51]
2019-06-17 21:56:10,541 INFO: SeriousBlog started [in E:\MyFolder\MyProjects\SeriousBlog\app\__init__.py:51]
2019-06-17 21:59:55,144 INFO: SeriousBlog started [in E:\MyFolder\MyProjects\SeriousBlog\app\__init__.py:51]
2019-06-17 23:09:43,792 INFO: SeriousBlog started [in E:\MyFolder\MyProjects\SeriousBlog\app\__init__.py:51]
2019-06-17 23:10:26,756 ERROR: Exception on /follow/Дмитрий Лыков [GET] [in E:\MyFolder\MyProjects\SeriousBlog\env\lib\site-packages\flask\app.py:1780]
Traceback (most recent call last):
  File "E:\MyFolder\MyProjects\SeriousBlog\env\lib\site-packages\flask\app.py", line 2311, in wsgi_app
    response = self.full_dispatch_request()
  File "E:\MyFolder\MyProjects\SeriousBlog\env\lib\site-packages\flask\app.py", line 1834, in full_dispatch_request
    rv = self.handle_user_exception(e)
  File "E:\MyFolder\MyProjects\SeriousBlog\env\lib\site-packages\flask\app.py", line 1737, in handle_user_exception
    reraise(exc_type, exc_value, tb)
  File "E:\MyFolder\MyProjects\SeriousBlog\env\lib\site-packages\flask\_compat.py", line 36, in reraise
    raise value
  File "E:\MyFolder\MyProjects\SeriousBlog\env\lib\site-packages\flask\app.py", line 1832, in full_dispatch_request
    rv = self.dispatch_request()
  File "E:\MyFolder\MyProjects\SeriousBlog\env\lib\site-packages\flask\app.py", line 1818, in dispatch_request
    return self.view_functions[rule.endpoint](**req.view_args)
  File "E:\MyFolder\MyProjects\SeriousBlog\env\lib\site-packages\flask_login\utils.py", line 261, in decorated_view
    return func(*args, **kwargs)
  File "E:\MyFolder\MyProjects\SeriousBlog\app\routes.py", line 175, in follow
    return redirect(url_for('me'), username=username)
  File "E:\MyFolder\MyProjects\SeriousBlog\env\lib\site-packages\flask\helpers.py", line 356, in url_for
    return appctx.app.handle_url_build_error(error, endpoint, values)
  File "E:\MyFolder\MyProjects\SeriousBlog\env\lib\site-packages\flask\app.py", line 2080, in handle_url_build_error
    reraise(exc_type, exc_value, tb)
  File "E:\MyFolder\MyProjects\SeriousBlog\env\lib\site-packages\flask\_compat.py", line 36, in reraise
    raise value
  File "E:\MyFolder\MyProjects\SeriousBlog\env\lib\site-packages\flask\helpers.py", line 345, in url_for
    force_external=external)
  File "E:\MyFolder\MyProjects\SeriousBlog\env\lib\site-packages\werkzeug\routing.py", line 2007, in build
    raise BuildError(endpoint, values, method, self)
werkzeug.routing.BuildError: Could not build url for endpoint 'me'. Did you forget to specify values ['username']?
2019-06-17 23:12:51,141 INFO: SeriousBlog started [in E:\MyFolder\MyProjects\SeriousBlog\app\__init__.py:51]
2019-06-17 23:12:52,218 INFO: SeriousBlog started [in E:\MyFolder\MyProjects\SeriousBlog\app\__init__.py:51]
2019-06-17 23:14:02,865 INFO: SeriousBlog started [in E:\MyFolder\MyProjects\SeriousBlog\app\__init__.py:51]
2019-06-17 23:14:03,874 INFO: SeriousBlog started [in E:\MyFolder\MyProjects\SeriousBlog\app\__init__.py:51]
2019-06-18 16:06:46,429 INFO: SeriousBlog started [in E:\MyFolder\MyProjects\SeriousBlog\app\__init__.py:51]
2019-06-18 16:06:47,657 INFO: SeriousBlog started [in E:\MyFolder\MyProjects\SeriousBlog\app\__init__.py:51]
2019-06-18 16:07:56,335 INFO: SeriousBlog started [in E:\MyFolder\MyProjects\SeriousBlog\app\__init__.py:51]
2019-06-18 16:15:04,379 INFO: SeriousBlog started [in E:\MyFolder\MyProjects\SeriousBlog\app\__init__.py:51]
2019-06-18 16:15:30,235 INFO: SeriousBlog started [in E:\MyFolder\MyProjects\SeriousBlog\app\__init__.py:51]
2019-06-18 16:15:31,296 INFO: SeriousBlog started [in E:\MyFolder\MyProjects\SeriousBlog\app\__init__.py:51]
2019-06-18 16:19:21,074 INFO: SeriousBlog started [in E:\MyFolder\MyProjects\SeriousBlog\app\__init__.py:51]
2019-06-18 16:22:21,047 INFO: SeriousBlog started [in E:\MyFolder\MyProjects\SeriousBlog\app\__init__.py:51]
2019-06-18 16:22:22,137 INFO: SeriousBlog started [in E:\MyFolder\MyProjects\SeriousBlog\app\__init__.py:51]
2019-06-18 16:27:52,885 INFO: SeriousBlog started [in E:\MyFolder\MyProjects\SeriousBlog\app\__init__.py:51]
2019-06-18 16:28:20,707 INFO: SeriousBlog started [in E:\MyFolder\MyProjects\SeriousBlog\app\__init__.py:51]
2019-06-18 16:31:06,228 INFO: SeriousBlog started [in E:\MyFolder\MyProjects\SeriousBlog\app\__init__.py:51]
2019-06-18 16:31:38,450 INFO: SeriousBlog started [in E:\MyFolder\MyProjects\SeriousBlog\app\__init__.py:51]
2019-06-18 16:41:48,857 INFO: SeriousBlog started [in E:\MyFolder\MyProjects\SeriousBlog\app\__init__.py:51]
2019-06-18 16:42:39,942 INFO: SeriousBlog started [in E:\MyFolder\MyProjects\SeriousBlog\app\__init__.py:51]
2019-06-18 16:54:32,085 INFO: SeriousBlog started [in E:\MyFolder\MyProjects\SeriousBlog\app\__init__.py:51]
2019-06-18 17:04:50,359 INFO: SeriousBlog started [in E:\MyFolder\MyProjects\SeriousBlog\app\__init__.py:51]
2019-06-18 17:05:25,316 INFO: SeriousBlog started [in E:\MyFolder\MyProjects\SeriousBlog\app\__init__.py:51]
2019-06-18 17:05:26,588 INFO: SeriousBlog started [in E:\MyFolder\MyProjects\SeriousBlog\app\__init__.py:51]
2019-06-18 17:09:49,436 INFO: SeriousBlog started [in E:\MyFolder\MyProjects\SeriousBlog\app\__init__.py:51]
2019-06-18 17:23:09,544 INFO: SeriousBlog started [in E:\MyFolder\MyProjects\SeriousBlog\app\__init__.py:51]
2019-06-18 23:47:50,319 INFO: SeriousBlog started [in E:\MyFolder\MyProjects\SeriousBlog - playground\app\__init__.py:68]
2019-06-18 23:47:51,363 INFO: SeriousBlog started [in E:\MyFolder\MyProjects\SeriousBlog - playground\app\__init__.py:68]
2019-06-19 22:20:35,541 INFO: SeriousBlog started [in E:\MyFolder\MyProjects\SeriousBlog - playground\app\__init__.py:68]
2019-06-19 22:20:36,574 INFO: SeriousBlog started [in E:\MyFolder\MyProjects\SeriousBlog - playground\app\__init__.py:68]
2019-06-19 22:22:14,972 INFO: SeriousBlog started [in E:\MyFolder\MyProjects\SeriousBlog - playground\app\__init__.py:68]
2019-06-19 22:25:07,130 INFO: SeriousBlog started [in E:\MyFolder\MyProjects\SeriousBlog - playground\app\__init__.py:68]
2019-06-19 22:25:55,502 INFO: SeriousBlog started [in E:\MyFolder\MyProjects\SeriousBlog - playground\app\__init__.py:68]
2019-06-19 22:27:54,051 INFO: SeriousBlog started [in E:\MyFolder\MyProjects\SeriousBlog - playground\app\__init__.py:68]
2019-06-19 22:28:07,587 INFO: SeriousBlog started [in E:\MyFolder\MyProjects\SeriousBlog - playground\app\__init__.py:68]
2019-06-19 22:28:17,552 INFO: SeriousBlog started [in E:\MyFolder\MyProjects\SeriousBlog - playground\app\__init__.py:68]
2019-06-20 12:03:57,758 INFO: SeriousBlog started [in E:\MyFolder\MyProjects\SeriousBlog\app\__init__.py:68]
2019-06-20 12:04:11,293 INFO: SeriousBlog started [in E:\MyFolder\MyProjects\SeriousBlog\app\__init__.py:68]
2019-06-20 12:04:12,329 INFO: SeriousBlog started [in E:\MyFolder\MyProjects\SeriousBlog\app\__init__.py:68]
2019-06-20 12:06:10,608 INFO: SeriousBlog started [in E:\MyFolder\MyProjects\SeriousBlog\app\__init__.py:68]
2019-06-20 12:06:11,565 INFO: SeriousBlog started [in E:\MyFolder\MyProjects\SeriousBlog\app\__init__.py:68]
2019-06-20 12:07:00,047 INFO: SeriousBlog started [in E:\MyFolder\MyProjects\SeriousBlog\app\__init__.py:68]
2019-06-21 19:40:27,846 INFO: SeriousBlog started [in E:\MyFolder\MyProjects\SeriousBlog\app\__init__.py:76]
2019-06-21 19:40:29,189 INFO: SeriousBlog started [in E:\MyFolder\MyProjects\SeriousBlog\app\__init__.py:76]
2019-06-21 19:56:14,975 INFO: SeriousBlog started [in E:\MyFolder\MyProjects\SeriousBlog\app\__init__.py:76]
2019-06-21 19:56:15,924 INFO: SeriousBlog started [in E:\MyFolder\MyProjects\SeriousBlog\app\__init__.py:76]
2019-06-21 19:58:04,204 INFO: SeriousBlog started [in E:\MyFolder\MyProjects\SeriousBlog\app\__init__.py:76]
2019-06-21 20:05:31,774 INFO: SeriousBlog started [in E:\MyFolder\MyProjects\SeriousBlog\app\__init__.py:76]
2019-06-21 22:38:57,504 INFO: SeriousBlog started [in E:\MyFolder\MyProjects\SeriousBlog\app\__init__.py:76]
2019-06-21 22:38:58,556 INFO: SeriousBlog started [in E:\MyFolder\MyProjects\SeriousBlog\app\__init__.py:76]
2019-06-22 15:49:06,288 INFO: SeriousBlog started [in E:\MyFolder\MyProjects\SeriousBlog\app\__init__.py:76]
2019-06-22 15:49:37,628 INFO: SeriousBlog started [in E:\MyFolder\MyProjects\SeriousBlog\app\__init__.py:76]
